<?xml version="1.0" encoding="UTF-8" ?>
<testsuite tests="7" failures="2" name="com.itacademy.database.dao.ResourceDaoTest" time="0.181" errors="0" skipped="0">
  <properties>
    <property name="idea.version" value="2018.1.4"/>
    <property name="java.runtime.name" value="Java(TM) SE Runtime Environment"/>
    <property name="sun.boot.library.path" value="C:\Program Files\Java\jdk1.8.0_202\jre\bin"/>
    <property name="java.vm.version" value="25.202-b08"/>
    <property name="java.vm.vendor" value="Oracle Corporation"/>
    <property name="maven.multiModuleProjectDirectory" value="D:\jd2_work\project-structure"/>
    <property name="java.vendor.url" value="http://java.oracle.com/"/>
    <property name="path.separator" value=";"/>
    <property name="guice.disable.misplaced.annotation.check" value="true"/>
    <property name="java.vm.name" value="Java HotSpot(TM) 64-Bit Server VM"/>
    <property name="file.encoding.pkg" value="sun.io"/>
    <property name="user.script" value=""/>
    <property name="user.country" value="RU"/>
    <property name="sun.java.launcher" value="SUN_STANDARD"/>
    <property name="sun.os.patch.level" value="Service Pack 1"/>
    <property name="java.vm.specification.name" value="Java Virtual Machine Specification"/>
    <property name="user.dir" value="D:\jd2_work\project-structure"/>
    <property name="java.runtime.version" value="1.8.0_202-b08"/>
    <property name="java.awt.graphicsenv" value="sun.awt.Win32GraphicsEnvironment"/>
    <property name="java.endorsed.dirs" value="C:\Program Files\Java\jdk1.8.0_202\jre\lib\endorsed"/>
    <property name="os.arch" value="amd64"/>
    <property name="java.io.tmpdir" value="C:\Temp\"/>
    <property name="line.separator" value="
"/>
    <property name="java.vm.specification.vendor" value="Oracle Corporation"/>
    <property name="user.variant" value=""/>
    <property name="os.name" value="Windows 7"/>
    <property name="classworlds.conf" value="C:\Program Files\JetBrains\IntelliJ IDEA 2018.1.4\plugins\maven\lib\maven3\bin\m2.conf"/>
    <property name="sun.jnu.encoding" value="Cp1251"/>
    <property name="java.library.path" value="C:\Program Files\Java\jdk1.8.0_202\bin;C:\Windows\Sun\Java\bin;C:\Windows\system32;C:\Windows;C:\Program Files\Broadcom\Broadcom 802.11 Network Adapter\Driver;;C:\Program Files (x86)\Common Files\Oracle\Java\javapath;C:\Windows\system32;C:\Windows;C:\Windows\System32\Wbem;C:\Windows\System32\WindowsPowerShell\v1.0\;C:\Program Files (x86)\NVIDIA Corporation\PhysX\Common;C:\Program Files\Git\cmd;D:\apache-maven-3.6.1-bin\apache-maven-3.6.1\bin;C:\Program Files\Java\jdk-12.0.1\bin;."/>
    <property name="java.specification.name" value="Java Platform API Specification"/>
    <property name="java.class.version" value="52.0"/>
    <property name="sun.management.compiler" value="HotSpot 64-Bit Tiered Compilers"/>
    <property name="os.version" value="6.1"/>
    <property name="user.home" value="C:\Users\Boss"/>
    <property name="user.timezone" value="Europe/Kaliningrad"/>
    <property name="java.awt.printerjob" value="sun.awt.windows.WPrinterJob"/>
    <property name="java.specification.version" value="1.8"/>
    <property name="file.encoding" value="UTF-8"/>
    <property name="user.name" value="Boss"/>
    <property name="java.class.path" value="C:\Program Files\JetBrains\IntelliJ IDEA 2018.1.4\plugins\maven\lib\maven3\boot\plexus-classworlds-2.5.2.jar;C:\Program Files\JetBrains\IntelliJ IDEA 2018.1.4\lib\idea_rt.jar"/>
    <property name="java.vm.specification.version" value="1.8"/>
    <property name="sun.arch.data.model" value="64"/>
    <property name="java.home" value="C:\Program Files\Java\jdk1.8.0_202\jre"/>
    <property name="sun.java.command" value="org.codehaus.classworlds.Launcher -Didea.version=2018.1.4 package -f pom.xml"/>
    <property name="java.specification.vendor" value="Oracle Corporation"/>
    <property name="user.language" value="ru"/>
    <property name="awt.toolkit" value="sun.awt.windows.WToolkit"/>
    <property name="java.vm.info" value="mixed mode"/>
    <property name="java.version" value="1.8.0_202"/>
    <property name="java.ext.dirs" value="C:\Program Files\Java\jdk1.8.0_202\jre\lib\ext;C:\Windows\Sun\Java\lib\ext"/>
    <property name="sun.boot.class.path" value="C:\Program Files\Java\jdk1.8.0_202\jre\lib\resources.jar;C:\Program Files\Java\jdk1.8.0_202\jre\lib\rt.jar;C:\Program Files\Java\jdk1.8.0_202\jre\lib\sunrsasign.jar;C:\Program Files\Java\jdk1.8.0_202\jre\lib\jsse.jar;C:\Program Files\Java\jdk1.8.0_202\jre\lib\jce.jar;C:\Program Files\Java\jdk1.8.0_202\jre\lib\charsets.jar;C:\Program Files\Java\jdk1.8.0_202\jre\lib\jfr.jar;C:\Program Files\Java\jdk1.8.0_202\jre\classes"/>
    <property name="java.vendor" value="Oracle Corporation"/>
    <property name="maven.home" value="C:\Program Files\JetBrains\IntelliJ IDEA 2018.1.4\plugins\maven\lib\maven3"/>
    <property name="file.separator" value="\"/>
    <property name="java.vendor.url.bug" value="http://bugreport.sun.com/bugreport/"/>
    <property name="sun.cpu.endian" value="little"/>
    <property name="sun.io.unicode.encoding" value="UnicodeLittle"/>
    <property name="sun.desktop" value="windows"/>
    <property name="sun.cpu.isalist" value="amd64"/>
  </properties>
  <testcase classname="com.itacademy.database.dao.ResourceDaoTest" name="checkGetEntity" time="0">
    <failure type="junit.framework.AssertionFailedError">junit.framework.AssertionFailedError
	at junit.framework.Assert.fail(Assert.java:55)
	at junit.framework.Assert.assertTrue(Assert.java:22)
	at junit.framework.Assert.assertTrue(Assert.java:31)
	at junit.framework.TestCase.assertTrue(TestCase.java:201)
	at com.itacademy.database.dao.ResourceDaoTest.checkGetEntity(ResourceDaoTest.java:144)
	at sun.reflect.NativeMethodAccessorImpl.invoke0(Native Method)
	at sun.reflect.NativeMethodAccessorImpl.invoke(NativeMethodAccessorImpl.java:62)
	at sun.reflect.DelegatingMethodAccessorImpl.invoke(DelegatingMethodAccessorImpl.java:43)
	at java.lang.reflect.Method.invoke(Method.java:498)
	at org.junit.runners.model.FrameworkMethod$1.runReflectiveCall(FrameworkMethod.java:50)
	at org.junit.internal.runners.model.ReflectiveCallable.run(ReflectiveCallable.java:12)
	at org.junit.runners.model.FrameworkMethod.invokeExplosively(FrameworkMethod.java:47)
	at org.junit.internal.runners.statements.InvokeMethod.evaluate(InvokeMethod.java:17)
	at org.springframework.test.context.junit4.statements.RunBeforeTestExecutionCallbacks.evaluate(RunBeforeTestExecutionCallbacks.java:74)
	at org.springframework.test.context.junit4.statements.RunAfterTestExecutionCallbacks.evaluate(RunAfterTestExecutionCallbacks.java:84)
	at org.springframework.test.context.junit4.statements.RunBeforeTestMethodCallbacks.evaluate(RunBeforeTestMethodCallbacks.java:75)
	at org.springframework.test.context.junit4.statements.RunAfterTestMethodCallbacks.evaluate(RunAfterTestMethodCallbacks.java:86)
	at org.springframework.test.context.junit4.statements.SpringRepeat.evaluate(SpringRepeat.java:84)
	at org.junit.runners.ParentRunner.runLeaf(ParentRunner.java:325)
	at org.springframework.test.context.junit4.SpringJUnit4ClassRunner.runChild(SpringJUnit4ClassRunner.java:251)
	at org.springframework.test.context.junit4.SpringJUnit4ClassRunner.runChild(SpringJUnit4ClassRunner.java:97)
	at org.junit.runners.ParentRunner$3.run(ParentRunner.java:290)
	at org.junit.runners.ParentRunner$1.schedule(ParentRunner.java:71)
	at org.junit.runners.ParentRunner.runChildren(ParentRunner.java:288)
	at org.junit.runners.ParentRunner.access$000(ParentRunner.java:58)
	at org.junit.runners.ParentRunner$2.evaluate(ParentRunner.java:268)
	at org.springframework.test.context.junit4.statements.RunBeforeTestClassCallbacks.evaluate(RunBeforeTestClassCallbacks.java:61)
	at org.springframework.test.context.junit4.statements.RunAfterTestClassCallbacks.evaluate(RunAfterTestClassCallbacks.java:70)
	at org.junit.runners.ParentRunner.run(ParentRunner.java:363)
	at org.springframework.test.context.junit4.SpringJUnit4ClassRunner.run(SpringJUnit4ClassRunner.java:190)
	at org.apache.maven.surefire.junit4.JUnit4Provider.execute(JUnit4Provider.java:252)
	at org.apache.maven.surefire.junit4.JUnit4Provider.executeTestSet(JUnit4Provider.java:141)
	at org.apache.maven.surefire.junit4.JUnit4Provider.invoke(JUnit4Provider.java:112)
	at sun.reflect.NativeMethodAccessorImpl.invoke0(Native Method)
	at sun.reflect.NativeMethodAccessorImpl.invoke(NativeMethodAccessorImpl.java:62)
	at sun.reflect.DelegatingMethodAccessorImpl.invoke(DelegatingMethodAccessorImpl.java:43)
	at java.lang.reflect.Method.invoke(Method.java:498)
	at org.apache.maven.surefire.util.ReflectionUtils.invokeMethodWithArray(ReflectionUtils.java:189)
	at org.apache.maven.surefire.booter.ProviderFactory$ProviderProxy.invoke(ProviderFactory.java:165)
	at org.apache.maven.surefire.booter.ProviderFactory.invokeProvider(ProviderFactory.java:85)
	at org.apache.maven.surefire.booter.ForkedBooter.runSuitesInProcess(ForkedBooter.java:115)
	at org.apache.maven.surefire.booter.ForkedBooter.main(ForkedBooter.java:75)
</failure>
    <system-out>Hibernate: 
    insert 
    into
        flea_market.category
        (id, category_name, foto, version) 
    values
        (null, ?, ?, ?)
Hibernate: 
    insert 
    into
        flea_market.person_role
        (id, role) 
    values
        (null, ?)
Hibernate: 
    select
        personrole0_.id as id1_4_0_,
        personrole0_.role as role2_4_0_ 
    from
        flea_market.person_role personrole0_ 
    where
        personrole0_.id=?
Hibernate: 
    insert 
    into
        flea_market.person
        (id, age, avatar, first_name, last_name, login, mail, password, role) 
    values
        (null, ?, ?, ?, ?, ?, ?, ?, ?)
Hibernate: 
    select
        category0_.id as id1_0_0_,
        category0_.category_name as category2_0_0_,
        category0_.foto as foto3_0_0_,
        category0_.version as version4_0_0_ 
    from
        flea_market.category category0_ 
    where
        category0_.id=?
Hibernate: 
    select
        person0_.id as id1_3_0_,
        person0_.age as age2_3_0_,
        person0_.avatar as avatar3_3_0_,
        person0_.first_name as first_na4_3_0_,
        person0_.last_name as last_nam5_3_0_,
        person0_.login as login6_3_0_,
        person0_.mail as mail7_3_0_,
        person0_.password as password8_3_0_,
        person0_.role as role9_3_0_,
        personrole1_.id as id1_4_1_,
        personrole1_.role as role2_4_1_ 
    from
        flea_market.person person0_ 
    left outer join
        flea_market.person_role personrole1_ 
            on person0_.role=personrole1_.id 
    where
        person0_.id=?
Hibernate: 
    insert 
    into
        flea_market.resource
        (id, category_id, foto, author, price, resource_name, text, block, type) 
    values
        (null, ?, ?, ?, ?, ?, ?, ?, &apos;block&apos;)
Hibernate: 
    select
        blockresou0_.id as id2_5_0_,
        blockresou0_.category_id as category8_5_0_,
        blockresou0_.foto as foto3_5_0_,
        blockresou0_.author as author9_5_0_,
        blockresou0_.price as price4_5_0_,
        blockresou0_.resource_name as resource5_5_0_,
        blockresou0_.text as text6_5_0_,
        blockresou0_.block as block7_5_0_,
        category1_.id as id1_0_1_,
        category1_.category_name as category2_0_1_,
        category1_.foto as foto3_0_1_,
        category1_.version as version4_0_1_,
        person2_.id as id1_3_2_,
        person2_.age as age2_3_2_,
        person2_.avatar as avatar3_3_2_,
        person2_.first_name as first_na4_3_2_,
        person2_.last_name as last_nam5_3_2_,
        person2_.login as login6_3_2_,
        person2_.mail as mail7_3_2_,
        person2_.password as password8_3_2_,
        person2_.role as role9_3_2_,
        personrole3_.id as id1_4_3_,
        personrole3_.role as role2_4_3_ 
    from
        flea_market.resource blockresou0_ 
    left outer join
        flea_market.category category1_ 
            on blockresou0_.category_id=category1_.id 
    left outer join
        flea_market.person person2_ 
            on blockresou0_.author=person2_.id 
    left outer join
        flea_market.person_role personrole3_ 
            on person2_.role=personrole3_.id 
    where
        blockresou0_.id=? 
        and blockresou0_.type=&apos;block&apos;
</system-out>
  </testcase>
  <testcase classname="com.itacademy.database.dao.ResourceDaoTest" name="checkManyToMany" time="0.001"/>
  <testcase classname="com.itacademy.database.dao.ResourceDaoTest" name="findAll" time="0"/>
  <testcase classname="com.itacademy.database.dao.ResourceDaoTest" name="checkDelete" time="0.028"/>
  <testcase classname="com.itacademy.database.dao.ResourceDaoTest" name="checkUpdate" time="0.001"/>
  <testcase classname="com.itacademy.database.dao.ResourceDaoTest" name="findResourceByCriteria" time="0.139">
    <failure message="expected:&lt;1&gt; but was:&lt;0&gt;" type="java.lang.AssertionError">java.lang.AssertionError: expected:&lt;1&gt; but was:&lt;0&gt;
	at org.junit.Assert.fail(Assert.java:88)
	at org.junit.Assert.failNotEquals(Assert.java:834)
	at org.junit.Assert.assertEquals(Assert.java:645)
	at org.junit.Assert.assertEquals(Assert.java:631)
	at com.itacademy.database.dao.ResourceDaoTest.findResourceByCriteria(ResourceDaoTest.java:259)
	at sun.reflect.NativeMethodAccessorImpl.invoke0(Native Method)
	at sun.reflect.NativeMethodAccessorImpl.invoke(NativeMethodAccessorImpl.java:62)
	at sun.reflect.DelegatingMethodAccessorImpl.invoke(DelegatingMethodAccessorImpl.java:43)
	at java.lang.reflect.Method.invoke(Method.java:498)
	at org.junit.runners.model.FrameworkMethod$1.runReflectiveCall(FrameworkMethod.java:50)
	at org.junit.internal.runners.model.ReflectiveCallable.run(ReflectiveCallable.java:12)
	at org.junit.runners.model.FrameworkMethod.invokeExplosively(FrameworkMethod.java:47)
	at org.junit.internal.runners.statements.InvokeMethod.evaluate(InvokeMethod.java:17)
	at org.springframework.test.context.junit4.statements.RunBeforeTestExecutionCallbacks.evaluate(RunBeforeTestExecutionCallbacks.java:74)
	at org.springframework.test.context.junit4.statements.RunAfterTestExecutionCallbacks.evaluate(RunAfterTestExecutionCallbacks.java:84)
	at org.springframework.test.context.junit4.statements.RunBeforeTestMethodCallbacks.evaluate(RunBeforeTestMethodCallbacks.java:75)
	at org.springframework.test.context.junit4.statements.RunAfterTestMethodCallbacks.evaluate(RunAfterTestMethodCallbacks.java:86)
	at org.springframework.test.context.junit4.statements.SpringRepeat.evaluate(SpringRepeat.java:84)
	at org.junit.runners.ParentRunner.runLeaf(ParentRunner.java:325)
	at org.springframework.test.context.junit4.SpringJUnit4ClassRunner.runChild(SpringJUnit4ClassRunner.java:251)
	at org.springframework.test.context.junit4.SpringJUnit4ClassRunner.runChild(SpringJUnit4ClassRunner.java:97)
	at org.junit.runners.ParentRunner$3.run(ParentRunner.java:290)
	at org.junit.runners.ParentRunner$1.schedule(ParentRunner.java:71)
	at org.junit.runners.ParentRunner.runChildren(ParentRunner.java:288)
	at org.junit.runners.ParentRunner.access$000(ParentRunner.java:58)
	at org.junit.runners.ParentRunner$2.evaluate(ParentRunner.java:268)
	at org.springframework.test.context.junit4.statements.RunBeforeTestClassCallbacks.evaluate(RunBeforeTestClassCallbacks.java:61)
	at org.springframework.test.context.junit4.statements.RunAfterTestClassCallbacks.evaluate(RunAfterTestClassCallbacks.java:70)
	at org.junit.runners.ParentRunner.run(ParentRunner.java:363)
	at org.springframework.test.context.junit4.SpringJUnit4ClassRunner.run(SpringJUnit4ClassRunner.java:190)
	at org.apache.maven.surefire.junit4.JUnit4Provider.execute(JUnit4Provider.java:252)
	at org.apache.maven.surefire.junit4.JUnit4Provider.executeTestSet(JUnit4Provider.java:141)
	at org.apache.maven.surefire.junit4.JUnit4Provider.invoke(JUnit4Provider.java:112)
	at sun.reflect.NativeMethodAccessorImpl.invoke0(Native Method)
	at sun.reflect.NativeMethodAccessorImpl.invoke(NativeMethodAccessorImpl.java:62)
	at sun.reflect.DelegatingMethodAccessorImpl.invoke(DelegatingMethodAccessorImpl.java:43)
	at java.lang.reflect.Method.invoke(Method.java:498)
	at org.apache.maven.surefire.util.ReflectionUtils.invokeMethodWithArray(ReflectionUtils.java:189)
	at org.apache.maven.surefire.booter.ProviderFactory$ProviderProxy.invoke(ProviderFactory.java:165)
	at org.apache.maven.surefire.booter.ProviderFactory.invokeProvider(ProviderFactory.java:85)
	at org.apache.maven.surefire.booter.ForkedBooter.runSuitesInProcess(ForkedBooter.java:115)
	at org.apache.maven.surefire.booter.ForkedBooter.main(ForkedBooter.java:75)
</failure>
    <system-out>Hibernate: 
    insert 
    into
        flea_market.category
        (id, category_name, foto, version) 
    values
        (null, ?, ?, ?)
Hibernate: 
    insert 
    into
        flea_market.person_role
        (id, role) 
    values
        (null, ?)
Hibernate: 
    select
        personrole0_.id as id1_4_0_,
        personrole0_.role as role2_4_0_ 
    from
        flea_market.person_role personrole0_ 
    where
        personrole0_.id=?
Hibernate: 
    insert 
    into
        flea_market.person
        (id, age, avatar, first_name, last_name, login, mail, password, role) 
    values
        (null, ?, ?, ?, ?, ?, ?, ?, ?)
Hibernate: 
    select
        category0_.id as id1_0_0_,
        category0_.category_name as category2_0_0_,
        category0_.foto as foto3_0_0_,
        category0_.version as version4_0_0_ 
    from
        flea_market.category category0_ 
    where
        category0_.id=?
Hibernate: 
    select
        person0_.id as id1_3_0_,
        person0_.age as age2_3_0_,
        person0_.avatar as avatar3_3_0_,
        person0_.first_name as first_na4_3_0_,
        person0_.last_name as last_nam5_3_0_,
        person0_.login as login6_3_0_,
        person0_.mail as mail7_3_0_,
        person0_.password as password8_3_0_,
        person0_.role as role9_3_0_,
        personrole1_.id as id1_4_1_,
        personrole1_.role as role2_4_1_ 
    from
        flea_market.person person0_ 
    left outer join
        flea_market.person_role personrole1_ 
            on person0_.role=personrole1_.id 
    where
        person0_.id=?
Hibernate: 
    insert 
    into
        flea_market.resource
        (id, category_id, foto, author, price, resource_name, text, block, type) 
    values
        (null, ?, ?, ?, ?, ?, ?, ?, &apos;block&apos;)
Hibernate: 
    select
        blockresou0_.id as id2_5_,
        blockresou0_.category_id as category8_5_,
        blockresou0_.foto as foto3_5_,
        blockresou0_.author as author9_5_,
        blockresou0_.price as price4_5_,
        blockresou0_.resource_name as resource5_5_,
        blockresou0_.text as text6_5_,
        blockresou0_.block as block7_5_ 
    from
        flea_market.resource blockresou0_ 
    inner join
        flea_market.category category1_ 
            on blockresou0_.category_id=category1_.id 
    where
        blockresou0_.type=&apos;block&apos; 
        and blockresou0_.resource_name=? 
        and category1_.category_name=? 
        and blockresou0_.price=222 limit ?
Hibernate: 
    select
        blockresou0_.id as id2_5_,
        blockresou0_.category_id as category8_5_,
        blockresou0_.foto as foto3_5_,
        blockresou0_.author as author9_5_,
        blockresou0_.price as price4_5_,
        blockresou0_.resource_name as resource5_5_,
        blockresou0_.text as text6_5_,
        blockresou0_.block as block7_5_ 
    from
        flea_market.resource blockresou0_ 
    inner join
        flea_market.category category1_ 
            on blockresou0_.category_id=category1_.id 
    where
        blockresou0_.type=&apos;block&apos; 
        and blockresou0_.resource_name=? 
        and category1_.category_name=? 
        and blockresou0_.price=222 limit ?
</system-out>
  </testcase>
  <testcase classname="com.itacademy.database.dao.ResourceDaoTest" name="checkSaveEntity" time="0.012"/>
</testsuite>